  java_cpp.cpp
C:\Users\savoc\Desktop\Savo\Faculty\4. semestar\POOP\Za drugi projekat\Drugi projekat\Dll\Dll\AthletesInfo.h(28,34): warning C4244: 'return': conversion from 'const double' to 'int', possible loss of data
C:\Users\savoc\Desktop\Savo\Faculty\4. semestar\POOP\Za drugi projekat\Drugi projekat\Dll\Dll\AthletesInfo.h(29,34): warning C4244: 'return': conversion from 'const double' to 'int', possible loss of data
  main.cpp
C:\Users\savoc\Desktop\Savo\Faculty\4. semestar\POOP\Za drugi projekat\Drugi projekat\Dll\Dll\AthletesInfo.h(28,34): warning C4244: 'return': conversion from 'const double' to 'int', possible loss of data
C:\Users\savoc\Desktop\Savo\Faculty\4. semestar\POOP\Za drugi projekat\Drugi projekat\Dll\Dll\AthletesInfo.h(29,34): warning C4244: 'return': conversion from 'const double' to 'int', possible loss of data
C:\Users\savoc\Desktop\Savo\Faculty\4. semestar\POOP\Za drugi projekat\Drugi projekat\Dll\Dll\main.cpp(62,15): warning C4244: 'initializing': conversion from 'time_t' to 'int', possible loss of data
C:\Users\savoc\Desktop\Savo\Faculty\4. semestar\POOP\Za drugi projekat\Drugi projekat\Dll\Dll\main.cpp(101,18): warning C4244: 'initializing': conversion from 'time_t' to 'int', possible loss of data
C:\Users\savoc\Desktop\Savo\Faculty\4. semestar\POOP\Za drugi projekat\Drugi projekat\Dll\Dll\main.cpp(105,13): warning C4244: 'initializing': conversion from 'time_t' to 'int', possible loss of data
C:\Users\savoc\Desktop\Savo\Faculty\4. semestar\POOP\Za drugi projekat\Drugi projekat\Dll\Dll\main.cpp(406,41): warning C4267: '+=': conversion from 'size_t' to '_Ty1', possible loss of data
          with
          [
              _Ty1=int
          ]
C:\Users\savoc\Desktop\Savo\Faculty\4. semestar\POOP\Za drugi projekat\Drugi projekat\Dll\Dll\main.cpp(408,48): warning C4267: '+=': conversion from 'size_t' to '_Ty1', possible loss of data
          with
          [
              _Ty1=int
          ]
C:\Users\savoc\Desktop\Savo\Faculty\4. semestar\POOP\Za drugi projekat\Drugi projekat\Dll\Dll\main.cpp(410,49): warning C4267: '+=': conversion from 'size_t' to '_Ty2', possible loss of data
          with
          [
              _Ty2=int
          ]
  oi_PieChart.cpp
C:\Users\savoc\Desktop\Savo\Faculty\4. semestar\POOP\Za drugi projekat\Drugi projekat\Dll\Dll\AthletesInfo.h(28,34): warning C4244: 'return': conversion from 'const double' to 'int', possible loss of data
C:\Users\savoc\Desktop\Savo\Faculty\4. semestar\POOP\Za drugi projekat\Drugi projekat\Dll\Dll\AthletesInfo.h(29,34): warning C4244: 'return': conversion from 'const double' to 'int', possible loss of data
  oi_XYGraph.cpp
C:\Users\savoc\Desktop\Savo\Faculty\4. semestar\POOP\Za drugi projekat\Drugi projekat\Dll\Dll\AthletesInfo.h(28,34): warning C4244: 'return': conversion from 'const double' to 'int', possible loss of data
C:\Users\savoc\Desktop\Savo\Faculty\4. semestar\POOP\Za drugi projekat\Drugi projekat\Dll\Dll\AthletesInfo.h(29,34): warning C4244: 'return': conversion from 'const double' to 'int', possible loss of data
     Creating library C:\Users\savoc\Desktop\Savo\Faculty\4. semestar\POOP\Za drugi projekat\Drugi projekat\Dll\x64\Release\Dll.lib and object C:\Users\savoc\Desktop\Savo\Faculty\4. semestar\POOP\Za drugi projekat\Drugi projekat\Dll\x64\Release\Dll.exp
  Generating code
  221 of 2621 functions ( 8.4%) were compiled, the rest were copied from previous compilation.
    174 functions were new in current compilation
    250 functions had inline decision re-evaluated but remain unchanged
  Finished generating code
  Dll.vcxproj -> C:\Users\savoc\Desktop\Savo\Faculty\4. semestar\POOP\Za drugi projekat\Drugi projekat\Dll\x64\Release\Dll.dll
